running egg_info
creating build/forklift_dummy/forklift_dummy.egg-info
writing build/forklift_dummy/forklift_dummy.egg-info/PKG-INFO
writing dependency_links to build/forklift_dummy/forklift_dummy.egg-info/dependency_links.txt
writing entry points to build/forklift_dummy/forklift_dummy.egg-info/entry_points.txt
writing requirements to build/forklift_dummy/forklift_dummy.egg-info/requires.txt
writing top-level names to build/forklift_dummy/forklift_dummy.egg-info/top_level.txt
writing manifest file 'build/forklift_dummy/forklift_dummy.egg-info/SOURCES.txt'
reading manifest file 'build/forklift_dummy/forklift_dummy.egg-info/SOURCES.txt'
writing manifest file 'build/forklift_dummy/forklift_dummy.egg-info/SOURCES.txt'
running build
running build_py
creating /home/ros2/ros2_ws/src/forklift_dummy/build/forklift_dummy/build
creating /home/ros2/ros2_ws/src/forklift_dummy/build/forklift_dummy/build/lib
creating /home/ros2/ros2_ws/src/forklift_dummy/build/forklift_dummy/build/lib/forklift_dummy
copying forklift_dummy/controller.py -> /home/ros2/ros2_ws/src/forklift_dummy/build/forklift_dummy/build/lib/forklift_dummy
copying forklift_dummy/sub.py -> /home/ros2/ros2_ws/src/forklift_dummy/build/forklift_dummy/build/lib/forklift_dummy
copying forklift_dummy/__init__.py -> /home/ros2/ros2_ws/src/forklift_dummy/build/forklift_dummy/build/lib/forklift_dummy
copying forklift_dummy/depth_cam.py -> /home/ros2/ros2_ws/src/forklift_dummy/build/forklift_dummy/build/lib/forklift_dummy
copying forklift_dummy/test.py -> /home/ros2/ros2_ws/src/forklift_dummy/build/forklift_dummy/build/lib/forklift_dummy
copying forklift_dummy/cam_auto.py -> /home/ros2/ros2_ws/src/forklift_dummy/build/forklift_dummy/build/lib/forklift_dummy
copying forklift_dummy/paranoma.py -> /home/ros2/ros2_ws/src/forklift_dummy/build/forklift_dummy/build/lib/forklift_dummy
copying forklift_dummy/euler_angle.py -> /home/ros2/ros2_ws/src/forklift_dummy/build/forklift_dummy/build/lib/forklift_dummy
copying forklift_dummy/videoStitcher.py -> /home/ros2/ros2_ws/src/forklift_dummy/build/forklift_dummy/build/lib/forklift_dummy
copying forklift_dummy/client.py -> /home/ros2/ros2_ws/src/forklift_dummy/build/forklift_dummy/build/lib/forklift_dummy
copying forklift_dummy/test2.py -> /home/ros2/ros2_ws/src/forklift_dummy/build/forklift_dummy/build/lib/forklift_dummy
copying forklift_dummy/multi_camera.py -> /home/ros2/ros2_ws/src/forklift_dummy/build/forklift_dummy/build/lib/forklift_dummy
copying forklift_dummy/sample.py -> /home/ros2/ros2_ws/src/forklift_dummy/build/forklift_dummy/build/lib/forklift_dummy
copying forklift_dummy/auto_setpoint.py -> /home/ros2/ros2_ws/src/forklift_dummy/build/forklift_dummy/build/lib/forklift_dummy
copying forklift_dummy/cv_real.py -> /home/ros2/ros2_ws/src/forklift_dummy/build/forklift_dummy/build/lib/forklift_dummy
creating /home/ros2/ros2_ws/src/forklift_dummy/build/forklift_dummy/build/lib/forklift_dummy/submodules
copying forklift_dummy/submodules/detection.py -> /home/ros2/ros2_ws/src/forklift_dummy/build/forklift_dummy/build/lib/forklift_dummy/submodules
copying forklift_dummy/submodules/paranoma.py -> /home/ros2/ros2_ws/src/forklift_dummy/build/forklift_dummy/build/lib/forklift_dummy/submodules
copying forklift_dummy/submodules/centroidtracker.py -> /home/ros2/ros2_ws/src/forklift_dummy/build/forklift_dummy/build/lib/forklift_dummy/submodules
running install
running install_lib
creating /home/ros2/ros2_ws/src/forklift_dummy/install/forklift_dummy/lib/python3.10/site-packages/forklift_dummy
copying /home/ros2/ros2_ws/src/forklift_dummy/build/forklift_dummy/build/lib/forklift_dummy/controller.py -> /home/ros2/ros2_ws/src/forklift_dummy/install/forklift_dummy/lib/python3.10/site-packages/forklift_dummy
copying /home/ros2/ros2_ws/src/forklift_dummy/build/forklift_dummy/build/lib/forklift_dummy/sub.py -> /home/ros2/ros2_ws/src/forklift_dummy/install/forklift_dummy/lib/python3.10/site-packages/forklift_dummy
copying /home/ros2/ros2_ws/src/forklift_dummy/build/forklift_dummy/build/lib/forklift_dummy/__init__.py -> /home/ros2/ros2_ws/src/forklift_dummy/install/forklift_dummy/lib/python3.10/site-packages/forklift_dummy
copying /home/ros2/ros2_ws/src/forklift_dummy/build/forklift_dummy/build/lib/forklift_dummy/depth_cam.py -> /home/ros2/ros2_ws/src/forklift_dummy/install/forklift_dummy/lib/python3.10/site-packages/forklift_dummy
copying /home/ros2/ros2_ws/src/forklift_dummy/build/forklift_dummy/build/lib/forklift_dummy/test.py -> /home/ros2/ros2_ws/src/forklift_dummy/install/forklift_dummy/lib/python3.10/site-packages/forklift_dummy
copying /home/ros2/ros2_ws/src/forklift_dummy/build/forklift_dummy/build/lib/forklift_dummy/cam_auto.py -> /home/ros2/ros2_ws/src/forklift_dummy/install/forklift_dummy/lib/python3.10/site-packages/forklift_dummy
copying /home/ros2/ros2_ws/src/forklift_dummy/build/forklift_dummy/build/lib/forklift_dummy/paranoma.py -> /home/ros2/ros2_ws/src/forklift_dummy/install/forklift_dummy/lib/python3.10/site-packages/forklift_dummy
copying /home/ros2/ros2_ws/src/forklift_dummy/build/forklift_dummy/build/lib/forklift_dummy/euler_angle.py -> /home/ros2/ros2_ws/src/forklift_dummy/install/forklift_dummy/lib/python3.10/site-packages/forklift_dummy
creating /home/ros2/ros2_ws/src/forklift_dummy/install/forklift_dummy/lib/python3.10/site-packages/forklift_dummy/submodules
copying /home/ros2/ros2_ws/src/forklift_dummy/build/forklift_dummy/build/lib/forklift_dummy/submodules/detection.py -> /home/ros2/ros2_ws/src/forklift_dummy/install/forklift_dummy/lib/python3.10/site-packages/forklift_dummy/submodules
copying /home/ros2/ros2_ws/src/forklift_dummy/build/forklift_dummy/build/lib/forklift_dummy/submodules/paranoma.py -> /home/ros2/ros2_ws/src/forklift_dummy/install/forklift_dummy/lib/python3.10/site-packages/forklift_dummy/submodules
copying /home/ros2/ros2_ws/src/forklift_dummy/build/forklift_dummy/build/lib/forklift_dummy/submodules/centroidtracker.py -> /home/ros2/ros2_ws/src/forklift_dummy/install/forklift_dummy/lib/python3.10/site-packages/forklift_dummy/submodules
copying /home/ros2/ros2_ws/src/forklift_dummy/build/forklift_dummy/build/lib/forklift_dummy/videoStitcher.py -> /home/ros2/ros2_ws/src/forklift_dummy/install/forklift_dummy/lib/python3.10/site-packages/forklift_dummy
copying /home/ros2/ros2_ws/src/forklift_dummy/build/forklift_dummy/build/lib/forklift_dummy/client.py -> /home/ros2/ros2_ws/src/forklift_dummy/install/forklift_dummy/lib/python3.10/site-packages/forklift_dummy
copying /home/ros2/ros2_ws/src/forklift_dummy/build/forklift_dummy/build/lib/forklift_dummy/test2.py -> /home/ros2/ros2_ws/src/forklift_dummy/install/forklift_dummy/lib/python3.10/site-packages/forklift_dummy
copying /home/ros2/ros2_ws/src/forklift_dummy/build/forklift_dummy/build/lib/forklift_dummy/multi_camera.py -> /home/ros2/ros2_ws/src/forklift_dummy/install/forklift_dummy/lib/python3.10/site-packages/forklift_dummy
copying /home/ros2/ros2_ws/src/forklift_dummy/build/forklift_dummy/build/lib/forklift_dummy/sample.py -> /home/ros2/ros2_ws/src/forklift_dummy/install/forklift_dummy/lib/python3.10/site-packages/forklift_dummy
copying /home/ros2/ros2_ws/src/forklift_dummy/build/forklift_dummy/build/lib/forklift_dummy/auto_setpoint.py -> /home/ros2/ros2_ws/src/forklift_dummy/install/forklift_dummy/lib/python3.10/site-packages/forklift_dummy
copying /home/ros2/ros2_ws/src/forklift_dummy/build/forklift_dummy/build/lib/forklift_dummy/cv_real.py -> /home/ros2/ros2_ws/src/forklift_dummy/install/forklift_dummy/lib/python3.10/site-packages/forklift_dummy
byte-compiling /home/ros2/ros2_ws/src/forklift_dummy/install/forklift_dummy/lib/python3.10/site-packages/forklift_dummy/controller.py to controller.cpython-310.pyc
byte-compiling /home/ros2/ros2_ws/src/forklift_dummy/install/forklift_dummy/lib/python3.10/site-packages/forklift_dummy/sub.py to sub.cpython-310.pyc
byte-compiling /home/ros2/ros2_ws/src/forklift_dummy/install/forklift_dummy/lib/python3.10/site-packages/forklift_dummy/__init__.py to __init__.cpython-310.pyc
byte-compiling /home/ros2/ros2_ws/src/forklift_dummy/install/forklift_dummy/lib/python3.10/site-packages/forklift_dummy/depth_cam.py to depth_cam.cpython-310.pyc
byte-compiling /home/ros2/ros2_ws/src/forklift_dummy/install/forklift_dummy/lib/python3.10/site-packages/forklift_dummy/test.py to test.cpython-310.pyc
byte-compiling /home/ros2/ros2_ws/src/forklift_dummy/install/forklift_dummy/lib/python3.10/site-packages/forklift_dummy/cam_auto.py to cam_auto.cpython-310.pyc
byte-compiling /home/ros2/ros2_ws/src/forklift_dummy/install/forklift_dummy/lib/python3.10/site-packages/forklift_dummy/paranoma.py to paranoma.cpython-310.pyc
byte-compiling /home/ros2/ros2_ws/src/forklift_dummy/install/forklift_dummy/lib/python3.10/site-packages/forklift_dummy/euler_angle.py to euler_angle.cpython-310.pyc
byte-compiling /home/ros2/ros2_ws/src/forklift_dummy/install/forklift_dummy/lib/python3.10/site-packages/forklift_dummy/submodules/detection.py to detection.cpython-310.pyc
byte-compiling /home/ros2/ros2_ws/src/forklift_dummy/install/forklift_dummy/lib/python3.10/site-packages/forklift_dummy/submodules/paranoma.py to paranoma.cpython-310.pyc
byte-compiling /home/ros2/ros2_ws/src/forklift_dummy/install/forklift_dummy/lib/python3.10/site-packages/forklift_dummy/submodules/centroidtracker.py to centroidtracker.cpython-310.pyc
byte-compiling /home/ros2/ros2_ws/src/forklift_dummy/install/forklift_dummy/lib/python3.10/site-packages/forklift_dummy/videoStitcher.py to videoStitcher.cpython-310.pyc
byte-compiling /home/ros2/ros2_ws/src/forklift_dummy/install/forklift_dummy/lib/python3.10/site-packages/forklift_dummy/client.py to client.cpython-310.pyc
byte-compiling /home/ros2/ros2_ws/src/forklift_dummy/install/forklift_dummy/lib/python3.10/site-packages/forklift_dummy/test2.py to test2.cpython-310.pyc
byte-compiling /home/ros2/ros2_ws/src/forklift_dummy/install/forklift_dummy/lib/python3.10/site-packages/forklift_dummy/multi_camera.py to multi_camera.cpython-310.pyc
byte-compiling /home/ros2/ros2_ws/src/forklift_dummy/install/forklift_dummy/lib/python3.10/site-packages/forklift_dummy/sample.py to sample.cpython-310.pyc
byte-compiling /home/ros2/ros2_ws/src/forklift_dummy/install/forklift_dummy/lib/python3.10/site-packages/forklift_dummy/auto_setpoint.py to auto_setpoint.cpython-310.pyc
byte-compiling /home/ros2/ros2_ws/src/forklift_dummy/install/forklift_dummy/lib/python3.10/site-packages/forklift_dummy/cv_real.py to cv_real.cpython-310.pyc
running install_data
creating /home/ros2/ros2_ws/src/forklift_dummy/install/forklift_dummy/share/ament_index
creating /home/ros2/ros2_ws/src/forklift_dummy/install/forklift_dummy/share/ament_index/resource_index
creating /home/ros2/ros2_ws/src/forklift_dummy/install/forklift_dummy/share/ament_index/resource_index/packages
copying resource/forklift_dummy -> /home/ros2/ros2_ws/src/forklift_dummy/install/forklift_dummy/share/ament_index/resource_index/packages
copying package.xml -> /home/ros2/ros2_ws/src/forklift_dummy/install/forklift_dummy/share/forklift_dummy
running install_egg_info
Copying build/forklift_dummy/forklift_dummy.egg-info to /home/ros2/ros2_ws/src/forklift_dummy/install/forklift_dummy/lib/python3.10/site-packages/forklift_dummy-0.0.0-py3.10.egg-info
running install_scripts
Installing cam_depth script to /home/ros2/ros2_ws/src/forklift_dummy/install/forklift_dummy/lib/forklift_dummy
Installing client script to /home/ros2/ros2_ws/src/forklift_dummy/install/forklift_dummy/lib/forklift_dummy
Installing controller script to /home/ros2/ros2_ws/src/forklift_dummy/install/forklift_dummy/lib/forklift_dummy
Installing depth_paranoma script to /home/ros2/ros2_ws/src/forklift_dummy/install/forklift_dummy/lib/forklift_dummy
Installing euler script to /home/ros2/ros2_ws/src/forklift_dummy/install/forklift_dummy/lib/forklift_dummy
Installing setpoint script to /home/ros2/ros2_ws/src/forklift_dummy/install/forklift_dummy/lib/forklift_dummy
Installing talker script to /home/ros2/ros2_ws/src/forklift_dummy/install/forklift_dummy/lib/forklift_dummy
writing list of installed files to '/home/ros2/ros2_ws/src/forklift_dummy/build/forklift_dummy/install.log'
