/home/ros2/ros2_ws/src/forklift_dummy/install/forklift_dummy/lib/python3.10/site-packages/forklift_dummy/controller.py
/home/ros2/ros2_ws/src/forklift_dummy/install/forklift_dummy/lib/python3.10/site-packages/forklift_dummy/sub.py
/home/ros2/ros2_ws/src/forklift_dummy/install/forklift_dummy/lib/python3.10/site-packages/forklift_dummy/__init__.py
/home/ros2/ros2_ws/src/forklift_dummy/install/forklift_dummy/lib/python3.10/site-packages/forklift_dummy/depth_cam.py
/home/ros2/ros2_ws/src/forklift_dummy/install/forklift_dummy/lib/python3.10/site-packages/forklift_dummy/test.py
/home/ros2/ros2_ws/src/forklift_dummy/install/forklift_dummy/lib/python3.10/site-packages/forklift_dummy/cam_auto.py
/home/ros2/ros2_ws/src/forklift_dummy/install/forklift_dummy/lib/python3.10/site-packages/forklift_dummy/paranoma.py
/home/ros2/ros2_ws/src/forklift_dummy/install/forklift_dummy/lib/python3.10/site-packages/forklift_dummy/euler_angle.py
/home/ros2/ros2_ws/src/forklift_dummy/install/forklift_dummy/lib/python3.10/site-packages/forklift_dummy/videoStitcher.py
/home/ros2/ros2_ws/src/forklift_dummy/install/forklift_dummy/lib/python3.10/site-packages/forklift_dummy/client.py
/home/ros2/ros2_ws/src/forklift_dummy/install/forklift_dummy/lib/python3.10/site-packages/forklift_dummy/test2.py
/home/ros2/ros2_ws/src/forklift_dummy/install/forklift_dummy/lib/python3.10/site-packages/forklift_dummy/multi_camera.py
/home/ros2/ros2_ws/src/forklift_dummy/install/forklift_dummy/lib/python3.10/site-packages/forklift_dummy/sample.py
/home/ros2/ros2_ws/src/forklift_dummy/install/forklift_dummy/lib/python3.10/site-packages/forklift_dummy/auto_setpoint.py
/home/ros2/ros2_ws/src/forklift_dummy/install/forklift_dummy/lib/python3.10/site-packages/forklift_dummy/cv_real.py
/home/ros2/ros2_ws/src/forklift_dummy/install/forklift_dummy/lib/python3.10/site-packages/forklift_dummy/submodules/detection.py
/home/ros2/ros2_ws/src/forklift_dummy/install/forklift_dummy/lib/python3.10/site-packages/forklift_dummy/submodules/paranoma.py
/home/ros2/ros2_ws/src/forklift_dummy/install/forklift_dummy/lib/python3.10/site-packages/forklift_dummy/submodules/centroidtracker.py
/home/ros2/ros2_ws/src/forklift_dummy/install/forklift_dummy/lib/python3.10/site-packages/forklift_dummy/__pycache__/controller.cpython-310.pyc
/home/ros2/ros2_ws/src/forklift_dummy/install/forklift_dummy/lib/python3.10/site-packages/forklift_dummy/__pycache__/sub.cpython-310.pyc
/home/ros2/ros2_ws/src/forklift_dummy/install/forklift_dummy/lib/python3.10/site-packages/forklift_dummy/__pycache__/__init__.cpython-310.pyc
/home/ros2/ros2_ws/src/forklift_dummy/install/forklift_dummy/lib/python3.10/site-packages/forklift_dummy/__pycache__/depth_cam.cpython-310.pyc
/home/ros2/ros2_ws/src/forklift_dummy/install/forklift_dummy/lib/python3.10/site-packages/forklift_dummy/__pycache__/test.cpython-310.pyc
/home/ros2/ros2_ws/src/forklift_dummy/install/forklift_dummy/lib/python3.10/site-packages/forklift_dummy/__pycache__/cam_auto.cpython-310.pyc
/home/ros2/ros2_ws/src/forklift_dummy/install/forklift_dummy/lib/python3.10/site-packages/forklift_dummy/__pycache__/paranoma.cpython-310.pyc
/home/ros2/ros2_ws/src/forklift_dummy/install/forklift_dummy/lib/python3.10/site-packages/forklift_dummy/__pycache__/euler_angle.cpython-310.pyc
/home/ros2/ros2_ws/src/forklift_dummy/install/forklift_dummy/lib/python3.10/site-packages/forklift_dummy/__pycache__/videoStitcher.cpython-310.pyc
/home/ros2/ros2_ws/src/forklift_dummy/install/forklift_dummy/lib/python3.10/site-packages/forklift_dummy/__pycache__/client.cpython-310.pyc
/home/ros2/ros2_ws/src/forklift_dummy/install/forklift_dummy/lib/python3.10/site-packages/forklift_dummy/__pycache__/test2.cpython-310.pyc
/home/ros2/ros2_ws/src/forklift_dummy/install/forklift_dummy/lib/python3.10/site-packages/forklift_dummy/__pycache__/multi_camera.cpython-310.pyc
/home/ros2/ros2_ws/src/forklift_dummy/install/forklift_dummy/lib/python3.10/site-packages/forklift_dummy/__pycache__/sample.cpython-310.pyc
/home/ros2/ros2_ws/src/forklift_dummy/install/forklift_dummy/lib/python3.10/site-packages/forklift_dummy/__pycache__/auto_setpoint.cpython-310.pyc
/home/ros2/ros2_ws/src/forklift_dummy/install/forklift_dummy/lib/python3.10/site-packages/forklift_dummy/__pycache__/cv_real.cpython-310.pyc
/home/ros2/ros2_ws/src/forklift_dummy/install/forklift_dummy/lib/python3.10/site-packages/forklift_dummy/submodules/__pycache__/detection.cpython-310.pyc
/home/ros2/ros2_ws/src/forklift_dummy/install/forklift_dummy/lib/python3.10/site-packages/forklift_dummy/submodules/__pycache__/paranoma.cpython-310.pyc
/home/ros2/ros2_ws/src/forklift_dummy/install/forklift_dummy/lib/python3.10/site-packages/forklift_dummy/submodules/__pycache__/centroidtracker.cpython-310.pyc
/home/ros2/ros2_ws/src/forklift_dummy/install/forklift_dummy/share/ament_index/resource_index/packages/forklift_dummy
/home/ros2/ros2_ws/src/forklift_dummy/install/forklift_dummy/share/forklift_dummy/package.xml
/home/ros2/ros2_ws/src/forklift_dummy/install/forklift_dummy/lib/python3.10/site-packages/forklift_dummy-0.0.0-py3.10.egg-info/PKG-INFO
/home/ros2/ros2_ws/src/forklift_dummy/install/forklift_dummy/lib/python3.10/site-packages/forklift_dummy-0.0.0-py3.10.egg-info/zip-safe
/home/ros2/ros2_ws/src/forklift_dummy/install/forklift_dummy/lib/python3.10/site-packages/forklift_dummy-0.0.0-py3.10.egg-info/top_level.txt
/home/ros2/ros2_ws/src/forklift_dummy/install/forklift_dummy/lib/python3.10/site-packages/forklift_dummy-0.0.0-py3.10.egg-info/entry_points.txt
/home/ros2/ros2_ws/src/forklift_dummy/install/forklift_dummy/lib/python3.10/site-packages/forklift_dummy-0.0.0-py3.10.egg-info/requires.txt
/home/ros2/ros2_ws/src/forklift_dummy/install/forklift_dummy/lib/python3.10/site-packages/forklift_dummy-0.0.0-py3.10.egg-info/dependency_links.txt
/home/ros2/ros2_ws/src/forklift_dummy/install/forklift_dummy/lib/python3.10/site-packages/forklift_dummy-0.0.0-py3.10.egg-info/SOURCES.txt
/home/ros2/ros2_ws/src/forklift_dummy/install/forklift_dummy/lib/forklift_dummy/cam_depth
/home/ros2/ros2_ws/src/forklift_dummy/install/forklift_dummy/lib/forklift_dummy/client
/home/ros2/ros2_ws/src/forklift_dummy/install/forklift_dummy/lib/forklift_dummy/controller
/home/ros2/ros2_ws/src/forklift_dummy/install/forklift_dummy/lib/forklift_dummy/depth_paranoma
/home/ros2/ros2_ws/src/forklift_dummy/install/forklift_dummy/lib/forklift_dummy/euler
/home/ros2/ros2_ws/src/forklift_dummy/install/forklift_dummy/lib/forklift_dummy/setpoint
/home/ros2/ros2_ws/src/forklift_dummy/install/forklift_dummy/lib/forklift_dummy/talker
